C:\Program Files (x86)\Microsoft Visual Studio\2017\Community\Common7\IDE\VC\VCTargets\Microsoft.CppBuild.targets(387,5): warning MSB8028: The intermediate directory (x64\Debug\) contains files shared from another project (OITS1.vcxproj).  This can lead to incorrect clean and rebuild behavior.
  stdafx.cpp
  Transfer_Orbit.cpp
c:\users\justin\oits1_bb\oits1\ephemeris.h(2): fatal error C1083: Cannot open include file: 'Eigen/Dense': No such file or directory
  Project.cpp
c:\users\justin\oits1_bb\oits1\project.h(7): fatal error C1083: Cannot open include file: 'C:\Users\adamh\Documents\SPICE\cspice\include\SpiceUsr.h': No such file or directory
  Orbit.cpp
c:\users\justin\oits1_bb\oits1\orbit.h(2): fatal error C1083: Cannot open include file: 'Eigen/Dense': No such file or directory
  OITS1.cpp
c:\users\justin\oits1_bb\oits1\ephemeris.h(2): fatal error C1083: Cannot open include file: 'Eigen/Dense': No such file or directory
  Nbody_Trajectory_With_Encounters.cpp
c:\users\justin\oits1_bb\oits1\ephemeris.h(2): fatal error C1083: Cannot open include file: 'Eigen/Dense': No such file or directory
  Nbody_Trajectory.cpp
c:\users\justin\oits1_bb\oits1\ephemeris.h(2): fatal error C1083: Cannot open include file: 'Eigen/Dense': No such file or directory
  Mission.cpp
c:\users\justin\oits1_bb\oits1\ephemeris.h(2): fatal error C1083: Cannot open include file: 'Eigen/Dense': No such file or directory
  Ephemeris.cpp
c:\users\justin\oits1_bb\oits1\ephemeris.h(2): fatal error C1083: Cannot open include file: 'Eigen/Dense': No such file or directory
  Connecting_Hyperbola.cpp
c:\users\justin\oits1_bb\oits1\ephemeris.h(2): fatal error C1083: Cannot open include file: 'Eigen/Dense': No such file or directory
  Body.cpp
c:\users\justin\oits1_bb\oits1\ephemeris.h(2): fatal error C1083: Cannot open include file: 'Eigen/Dense': No such file or directory
  Generating Code...
