c:\users\adamh\source\repos\oits1\oits1\x64\debug\oits1.pch
c:\users\adamh\source\repos\oits1\oits1\x64\debug\vc141.pdb
c:\users\adamh\source\repos\oits1\oits1\x64\debug\vc141.idb
c:\users\adamh\source\repos\oits1\oits1\x64\debug\stdafx.obj
c:\users\adamh\source\repos\oits1\oits1\x64\debug\transfer_orbit.obj
c:\users\adamh\source\repos\oits1\oits1\x64\debug\orbit.obj
c:\users\adamh\source\repos\oits1\oits1\x64\debug\oits1.obj
c:\users\adamh\source\repos\oits1\oits1\x64\debug\nbody_trajectory_with_encounters.obj
c:\users\adamh\source\repos\oits1\oits1\x64\debug\nbody_trajectory.obj
c:\users\adamh\source\repos\oits1\oits1\x64\debug\mission.obj
c:\users\adamh\source\repos\oits1\oits1\x64\debug\ephemeris.obj
c:\users\adamh\source\repos\oits1\oits1\x64\debug\connecting_hyperbola.obj
c:\users\adamh\source\repos\oits1\oits1\x64\debug\body.obj
c:\users\adamh\source\repos\oits1\oits1\x64\debug\project.obj
c:\users\adamh\source\repos\oits1\oits1\x64\debug\deltav_evaluator.obj
c:\users\adamh\source\repos\oits1\x64\debug\oits1.exe
c:\users\adamh\source\repos\oits1\x64\debug\oits1.ilk
c:\users\adamh\source\repos\oits1\x64\debug\oits1.pdb
c:\users\adamh\source\repos\oits1\oits1\x64\debug\deltav_evaluator.obj.enc
c:\users\adamh\source\repos\oits1\oits1\x64\debug\oits1.obj.enc
c:\users\adamh\source\repos\oits1\oits1\x64\debug\project.obj.enc
c:\users\adamh\source\repos\oits1\oits1\x64\debug\oits1.tlog\cl.command.1.tlog
c:\users\adamh\source\repos\oits1\oits1\x64\debug\oits1.tlog\cl.read.1.tlog
c:\users\adamh\source\repos\oits1\oits1\x64\debug\oits1.tlog\cl.write.1.tlog
c:\users\adamh\source\repos\oits1\oits1\x64\debug\oits1.tlog\link.command.1.tlog
c:\users\adamh\source\repos\oits1\oits1\x64\debug\oits1.tlog\link.read.1.tlog
c:\users\adamh\source\repos\oits1\oits1\x64\debug\oits1.tlog\link.write.1.tlog
