C:\Program Files (x86)\Microsoft Visual Studio\2017\Community\Common7\IDE\VC\VCTargets\Microsoft.CppBuild.targets(387,5): warning MSB8028: The intermediate directory (x64\Release\) contains files shared from another project (OITS1.vcxproj).  This can lead to incorrect clean and rebuild behavior.
  OITS1.cpp
OITS1.cpp(4): warning C4603: 'PI_OITS': macro is not defined or definition is different after precompiled header use
  OITS1.cpp(4): note: Add macro to precompiled header instead of defining here
  OITS1.cpp(7): note: use of precompiled header
OITS1.cpp(5): warning C4603: 'ASTRO_UNIT': macro is not defined or definition is different after precompiled header use
  OITS1.cpp(5): note: Add macro to precompiled header instead of defining here
  OITS1.cpp(7): note: use of precompiled header
OITS1.cpp(6): warning C4603: 'NBODIES': macro is not defined or definition is different after precompiled header use
  OITS1.cpp(6): note: Add macro to precompiled header instead of defining here
  OITS1.cpp(7): note: use of precompiled header
OITS1.cpp(30): warning C4101: 'y': unreferenced local variable
OITS1.cpp(100): warning C4101: 'time': unreferenced local variable
OITS1.cpp(29): warning C4101: 'j': unreferenced local variable
OITS1.cpp(99): warning C4101: 'pointer': unreferenced local variable
  Project.cpp
Project.cpp(17): warning C4101: 'y': unreferenced local variable
Project.cpp(187): warning C4101: 'Kern': unreferenced local variable
Project.cpp(185): warning C4101: 'x': unreferenced local variable
Project.cpp(229): warning C4101: 'BODYLISTN': unreferenced local variable
Project.cpp(227): warning C4101: 'found': unreferenced local variable
Project.cpp(221): warning C4101: 'k': unreferenced local variable
Project.cpp(213): warning C4101: 'timstr1': unreferenced local variable
Project.cpp(214): warning C4101: 'timstr2': unreferenced local variable
Project.cpp(233): warning C4101: 'SPICE_TIME1': unreferenced local variable
Project.cpp(223): warning C4101: 'obj': unreferenced local variable
Project.cpp(225): warning C4101: 'count': unreferenced local variable
Project.cpp(222): warning C4101: 'niv': unreferenced local variable
Project.cpp(208): warning C4101: 'x': unreferenced local variable
Project.cpp(231): warning C4101: 'NBody': unreferenced local variable
Project.cpp(233): warning C4101: 'SPICE_TIME2': unreferenced local variable
Project.cpp(229): warning C4101: 'BODYLIST': unreferenced local variable
  Generating Code...
c:\users\justin\oits1_bb\eigen\eigen\src\core\arch\sse\packetmath.h(307): warning C4793: 'Eigen::internal::pload<__m128d>': function compiled as native:
  	Found an intrinsic not supported in managed code
c:\users\justin\oits1_bb\eigen\eigen\src\core\arch\sse\packetmath.h(336): warning C4793: 'Eigen::internal::ploadu<__m128d>': function compiled as native:
  	Found an intrinsic not supported in managed code
c:\users\justin\oits1_bb\eigen\eigen\src\core\arch\sse\packetmath.h(307): warning C4793: 'Eigen::internal::pload<__m128d>': function compiled as native:
  	Found an intrinsic not supported in managed code
c:\users\justin\oits1_bb\eigen\eigen\src\core\arch\sse\packetmath.h(336): warning C4793: 'Eigen::internal::ploadu<__m128d>': function compiled as native:
  	Found an intrinsic not supported in managed code
c:\users\justin\oits1_bb\eigen\eigen\src\core\arch\sse\packetmath.h(307): warning C4793: 'Eigen::internal::pload<__m128d>': function compiled as native:
  	Found an intrinsic not supported in managed code
c:\users\justin\oits1_bb\eigen\eigen\src\core\arch\sse\packetmath.h(336): warning C4793: 'Eigen::internal::ploadu<__m128d>': function compiled as native:
  	Found an intrinsic not supported in managed code
c:\users\justin\oits1_bb\eigen\eigen\src\core\arch\sse\packetmath.h(307): warning C4793: 'Eigen::internal::pload<__m128d>': function compiled as native:
  	Found an intrinsic not supported in managed code
c:\users\justin\oits1_bb\eigen\eigen\src\core\arch\sse\packetmath.h(336): warning C4793: 'Eigen::internal::ploadu<__m128d>': function compiled as native:
  	Found an intrinsic not supported in managed code
c:\users\justin\oits1_bb\eigen\eigen\src\core\arch\sse\packetmath.h(362): warning C4793: 'Eigen::internal::pstoreu<double,__m128d>': function compiled as native:
  	Found an intrinsic not supported in managed code
  .NETFramework,Version=v4.0.AssemblyAttributes.cpp
  LINK : /LTCG specified but no code generation required; remove /LTCG from the link command line to improve linker performance
  OITS1.vcxproj -> C:\Users\justin\OITS1_BB\x64\Release\OITS1_BB.dll
