c:\users\adamh\source\repos\oits1_bb\oits1\x64\release\oits1_bb.pch
c:\users\adamh\source\repos\oits1_bb\oits1\x64\release\vc141.pdb
c:\users\adamh\source\repos\oits1_bb\oits1\x64\release\stdafx.obj
c:\users\adamh\source\repos\oits1_bb\oits1\x64\release\transfer_orbit.obj
c:\users\adamh\source\repos\oits1_bb\oits1\x64\release\project.obj
c:\users\adamh\source\repos\oits1_bb\oits1\x64\release\orbit.obj
c:\users\adamh\source\repos\oits1_bb\oits1\x64\release\oits1.obj
c:\users\adamh\source\repos\oits1_bb\oits1\x64\release\nbody_trajectory_with_encounters.obj
c:\users\adamh\source\repos\oits1_bb\oits1\x64\release\nbody_trajectory.obj
c:\users\adamh\source\repos\oits1_bb\oits1\x64\release\mission.obj
c:\users\adamh\source\repos\oits1_bb\oits1\x64\release\ephemeris.obj
c:\users\adamh\source\repos\oits1_bb\oits1\x64\release\connecting_hyperbola.obj
c:\users\adamh\source\repos\oits1_bb\oits1\x64\release\body.obj
c:\users\adamh\source\repos\oits1_bb\oits1\x64\release\.netframework,version=v4.0.assemblyattributes.obj
c:\users\adamh\source\repos\oits1_bb\oits1\x64\release\.netframework,version=v4.0.assemblyattributes.asm
c:\users\adamh\source\repos\oits1_bb\x64\release\oits1_bb.dll
c:\users\adamh\source\repos\oits1_bb\x64\release\oits1_bb.pdb
c:\users\adamh\source\repos\oits1_bb\oits1\x64\release\oits1.vcxprojresolveassemblyreference.cache
c:\users\adamh\source\repos\oits1_bb\oits1\x64\release\oits1_bb.tlog\cl.command.1.tlog
c:\users\adamh\source\repos\oits1_bb\oits1\x64\release\oits1_bb.tlog\cl.read.1.tlog
c:\users\adamh\source\repos\oits1_bb\oits1\x64\release\oits1_bb.tlog\cl.write.1.tlog
c:\users\adamh\source\repos\oits1_bb\oits1\x64\release\oits1_bb.tlog\link.command.1.tlog
c:\users\adamh\source\repos\oits1_bb\oits1\x64\release\oits1_bb.tlog\link.read.1.tlog
c:\users\adamh\source\repos\oits1_bb\oits1\x64\release\oits1_bb.tlog\link.write.1.tlog
c:\users\adamh\source\repos\oits1_bb\oits1\x64\release\oits1_bb.tlog\metagen.read.1.tlog
c:\users\adamh\source\repos\oits1_bb\oits1\x64\release\oits1_bb.tlog\metagen.write.1.tlog
c:\users\adamh\source\repos\oits1_bb\oits1\x64\release\oits1_bb.tlog\tzres.dll.bi
