  Project.cpp
c:\users\adam\source\repos\oits1\oits1\project.cpp(11): warning C4101: 'x': unreferenced local variable
c:\users\adam\source\repos\oits1\oits1\project.cpp(25): warning C4101: 'i': unreferenced local variable
  OITS1.cpp
c:\users\adam\source\repos\oits1\oits1\oits1.cpp(24): warning C4101: 'j': unreferenced local variable
  Generating Code...
Body.obj : error LNK2019: unresolved external symbol _spkezr_c referenced in function "public: int __thiscall Body::Compute_Ephem_At_t(double,int,double)" (?Compute_Ephem_At_t@Body@@QAEHNHN@Z)
Project.obj : error LNK2019: unresolved external symbol "void __cdecl NOMAD::begin(int,char * *)" (?begin@NOMAD@@YAXHPAPAD@Z) referenced in function "public: int __thiscall Project::Optimize_Mission(void)" (?Optimize_Mission@Project@@QAEHXZ)
Project.obj : error LNK2019: unresolved external symbol "public: __thiscall NOMAD::Double::Double(void)" (??0Double@NOMAD@@QAE@XZ) referenced in function "public: __thiscall NOMAD::Parameters::Parameters(class NOMAD::Display const &)" (??0Parameters@NOMAD@@QAE@ABVDisplay@1@@Z)
Project.obj : error LNK2019: unresolved external symbol "public: __thiscall NOMAD::Double::Double(double)" (??0Double@NOMAD@@QAE@N@Z) referenced in function "public: int __thiscall Project::Optimize_Mission(void)" (?Optimize_Mission@Project@@QAEHXZ)
Project.obj : error LNK2019: unresolved external symbol "public: virtual __thiscall NOMAD::Double::~Double(void)" (??1Double@NOMAD@@UAE@XZ) referenced in function "public: __thiscall NOMAD::Parameters::Parameters(class NOMAD::Display const &)" (??0Parameters@NOMAD@@QAE@ABVDisplay@1@@Z)
Project.obj : error LNK2019: unresolved external symbol "public: class NOMAD::Double & __thiscall NOMAD::Double::operator=(class NOMAD::Double const &)" (??4Double@NOMAD@@QAEAAV01@ABV01@@Z) referenced in function "public: int __thiscall Project::Optimize_Mission(void)" (?Optimize_Mission@Project@@QAEHXZ)
Project.obj : error LNK2019: unresolved external symbol "public: __thiscall NOMAD::Point::Point(int,class NOMAD::Double const &)" (??0Point@NOMAD@@QAE@HABVDouble@1@@Z) referenced in function "public: __thiscall NOMAD::Parameters::Parameters(class NOMAD::Display const &)" (??0Parameters@NOMAD@@QAE@ABVDisplay@1@@Z)
Project.obj : error LNK2019: unresolved external symbol "public: virtual __thiscall NOMAD::Point::~Point(void)" (??1Point@NOMAD@@UAE@XZ) referenced in function __unwindfunclet$??0Parameters@NOMAD@@QAE@ABVDisplay@1@@Z$6
Project.obj : error LNK2019: unresolved external symbol "public: void __thiscall NOMAD::Point::set(int,class NOMAD::Double const *)" (?set@Point@NOMAD@@QAEXHPBVDouble@2@@Z) referenced in function "public: int __thiscall Project::Optimize_Mission(void)" (?Optimize_Mission@Project@@QAEHXZ)
Project.obj : error LNK2019: unresolved external symbol "private: void __thiscall NOMAD::Parameters::init(void)" (?init@Parameters@NOMAD@@AAEXXZ) referenced in function "public: __thiscall NOMAD::Parameters::Parameters(class NOMAD::Display const &)" (??0Parameters@NOMAD@@QAE@ABVDisplay@1@@Z)
Project.obj : error LNK2019: unresolved external symbol "public: virtual __thiscall NOMAD::Parameters::~Parameters(void)" (??1Parameters@NOMAD@@UAE@XZ) referenced in function "public: virtual void * __thiscall NOMAD::Parameters::`scalar deleting destructor'(unsigned int)" (??_GParameters@NOMAD@@UAEPAXI@Z)
Project.obj : error LNK2019: unresolved external symbol "public: void __thiscall NOMAD::Parameters::set_DISPLAY_STATS(class std::basic_string<char,struct std::char_traits<char>,class std::allocator<char> > const &)" (?set_DISPLAY_STATS@Parameters@NOMAD@@QAEXABV?$basic_string@DU?$char_traits@D@std@@V?$allocator@D@2@@std@@@Z) referenced in function "public: int __thiscall Project::Optimize_Mission(void)" (?Optimize_Mission@Project@@QAEHXZ)
Project.obj : error LNK2019: unresolved external symbol "public: void __thiscall NOMAD::Parameters::set_X0(class NOMAD::Point const &)" (?set_X0@Parameters@NOMAD@@QAEXABVPoint@2@@Z) referenced in function "public: int __thiscall Project::Optimize_Mission(void)" (?Optimize_Mission@Project@@QAEHXZ)
Project.obj : error LNK2019: unresolved external symbol "public: bool __thiscall NOMAD::Parameters::set_DIMENSION(int)" (?set_DIMENSION@Parameters@NOMAD@@QAE_NH@Z) referenced in function "public: int __thiscall Project::Optimize_Mission(void)" (?Optimize_Mission@Project@@QAEHXZ)
Project.obj : error LNK2019: unresolved external symbol _bodc2n_c referenced in function "public: int __thiscall Project::Get_SPICE_List(class std::basic_string<char,struct std::char_traits<char>,class std::allocator<char> >)" (?Get_SPICE_List@Project@@QAEHV?$basic_string@DU?$char_traits@D@std@@V?$allocator@D@2@@std@@@Z)
Project.obj : error LNK2019: unresolved external symbol _furnsh_c referenced in function "public: int __thiscall Project::Get_SPICE_List(class std::basic_string<char,struct std::char_traits<char>,class std::allocator<char> >)" (?Get_SPICE_List@Project@@QAEHV?$basic_string@DU?$char_traits@D@std@@V?$allocator@D@2@@std@@@Z)
Project.obj : error LNK2019: unresolved external symbol _str2et_c referenced in function "public: int __thiscall Project::Get_SPICE_List(class std::basic_string<char,struct std::char_traits<char>,class std::allocator<char> >)" (?Get_SPICE_List@Project@@QAEHV?$basic_string@DU?$char_traits@D@std@@V?$allocator@D@2@@std@@@Z)
Project.obj : error LNK2019: unresolved external symbol _tkvrsn_c referenced in function "public: int __thiscall Project::Initialize_SPICE(void)" (?Initialize_SPICE@Project@@QAEHXZ)
C:\Users\Adam\source\repos\OITS1\Debug\OITS1.exe : fatal error LNK1120: 18 unresolved externals
